2018-06-11 15:03:51 [scrapy.utils.log] INFO: Scrapy 1.5.0 started (bot: BitcoinNews)
2018-06-11 15:03:51 [scrapy.utils.log] INFO: Versions: lxml 4.2.1.0, libxml2 2.9.5, cssselect 1.0.3, parsel 1.4.0, w3lib 1.19.0, Twisted 18.4.0, Python 3.6.4 (v3.6.4:d48eceb, Dec 19 2017, 06:54:40) [MSC v.1900 64 bit (AMD64)], pyOpenSSL 18.0.0 (OpenSSL 1.1.0h  27 Mar 2018), cryptography 2.2.2, Platform Windows-10-10.0.17134-SP0
2018-06-11 15:03:51 [scrapy.crawler] INFO: Overridden settings: {'BOT_NAME': 'BitcoinNews', 'LOG_FILE': 'logfile.log', 'LOG_LEVEL': 20, 'NEWSPIDER_MODULE': 'BitcoinNews.spiders', 'ROBOTSTXT_OBEY': True, 'SPIDER_MODULES': ['BitcoinNews.spiders']}
2018-06-11 15:03:51 [scrapy.middleware] INFO: Enabled extensions:
['scrapy.extensions.corestats.CoreStats',
 'scrapy.extensions.telnet.TelnetConsole',
 'scrapy.extensions.logstats.LogStats']
2018-06-11 15:03:52 [scrapy.middleware] INFO: Enabled downloader middlewares:
['scrapy.downloadermiddlewares.robotstxt.RobotsTxtMiddleware',
 'scrapy.downloadermiddlewares.httpauth.HttpAuthMiddleware',
 'scrapy.downloadermiddlewares.downloadtimeout.DownloadTimeoutMiddleware',
 'scrapy.downloadermiddlewares.defaultheaders.DefaultHeadersMiddleware',
 'scrapy.downloadermiddlewares.useragent.UserAgentMiddleware',
 'scrapy.downloadermiddlewares.retry.RetryMiddleware',
 'scrapy.downloadermiddlewares.redirect.MetaRefreshMiddleware',
 'scrapy.downloadermiddlewares.httpcompression.HttpCompressionMiddleware',
 'scrapy.downloadermiddlewares.redirect.RedirectMiddleware',
 'scrapy.downloadermiddlewares.cookies.CookiesMiddleware',
 'scrapy.downloadermiddlewares.httpproxy.HttpProxyMiddleware',
 'scrapy.downloadermiddlewares.stats.DownloaderStats']
2018-06-11 15:03:52 [scrapy.middleware] INFO: Enabled spider middlewares:
['scrapy.spidermiddlewares.httperror.HttpErrorMiddleware',
 'scrapy.spidermiddlewares.offsite.OffsiteMiddleware',
 'scrapy.spidermiddlewares.referer.RefererMiddleware',
 'scrapy.spidermiddlewares.urllength.UrlLengthMiddleware',
 'scrapy.spidermiddlewares.depth.DepthMiddleware']
2018-06-11 15:03:52 [twisted] CRITICAL: Unhandled error in Deferred:
2018-06-11 15:03:52 [twisted] CRITICAL: 
Traceback (most recent call last):
  File "c:\users\chiyoung\pycharmprojects\bitcoinwebcrawling\venv\lib\site-packages\twisted\internet\defer.py", line 1386, in _inlineCallbacks
    result = g.send(result)
  File "c:\users\chiyoung\pycharmprojects\bitcoinwebcrawling\venv\lib\site-packages\scrapy\crawler.py", line 80, in crawl
    self.engine = self._create_engine()
  File "c:\users\chiyoung\pycharmprojects\bitcoinwebcrawling\venv\lib\site-packages\scrapy\crawler.py", line 105, in _create_engine
    return ExecutionEngine(self, lambda _: self.stop())
  File "c:\users\chiyoung\pycharmprojects\bitcoinwebcrawling\venv\lib\site-packages\scrapy\core\engine.py", line 70, in __init__
    self.scraper = Scraper(crawler)
  File "c:\users\chiyoung\pycharmprojects\bitcoinwebcrawling\venv\lib\site-packages\scrapy\core\scraper.py", line 71, in __init__
    self.itemproc = itemproc_cls.from_crawler(crawler)
  File "c:\users\chiyoung\pycharmprojects\bitcoinwebcrawling\venv\lib\site-packages\scrapy\middleware.py", line 58, in from_crawler
    return cls.from_settings(crawler.settings, crawler)
  File "c:\users\chiyoung\pycharmprojects\bitcoinwebcrawling\venv\lib\site-packages\scrapy\middleware.py", line 34, in from_settings
    mwcls = load_object(clspath)
  File "c:\users\chiyoung\pycharmprojects\bitcoinwebcrawling\venv\lib\site-packages\scrapy\utils\misc.py", line 44, in load_object
    mod = import_module(module)
  File "C:\Users\ChiYoung\AppData\Local\Programs\Python\Python36\lib\importlib\__init__.py", line 126, in import_module
    return _bootstrap._gcd_import(name[level:], package, level)
  File "<frozen importlib._bootstrap>", line 994, in _gcd_import
  File "<frozen importlib._bootstrap>", line 971, in _find_and_load
  File "<frozen importlib._bootstrap>", line 955, in _find_and_load_unlocked
  File "<frozen importlib._bootstrap>", line 665, in _load_unlocked
  File "<frozen importlib._bootstrap_external>", line 678, in exec_module
  File "<frozen importlib._bootstrap>", line 219, in _call_with_frames_removed
  File "C:\Users\ChiYoung\PycharmProjects\BitcoinWebCrawling\BitcoinNews\BitcoinNews\pipelines.py", line 13, in <module>
    class CSVPipeline(object):
  File "C:\Users\ChiYoung\PycharmProjects\BitcoinWebCrawling\BitcoinNews\BitcoinNews\pipelines.py", line 15, in CSVPipeline
    f = open("bitcoinnews.csv", 'wb', encoding='utf-8', newline='')
ValueError: binary mode doesn't take an encoding argument
2018-06-11 15:04:12 [scrapy.utils.log] INFO: Scrapy 1.5.0 started (bot: BitcoinNews)
2018-06-11 15:04:12 [scrapy.utils.log] INFO: Versions: lxml 4.2.1.0, libxml2 2.9.5, cssselect 1.0.3, parsel 1.4.0, w3lib 1.19.0, Twisted 18.4.0, Python 3.6.4 (v3.6.4:d48eceb, Dec 19 2017, 06:54:40) [MSC v.1900 64 bit (AMD64)], pyOpenSSL 18.0.0 (OpenSSL 1.1.0h  27 Mar 2018), cryptography 2.2.2, Platform Windows-10-10.0.17134-SP0
2018-06-11 15:04:12 [scrapy.crawler] INFO: Overridden settings: {'BOT_NAME': 'BitcoinNews', 'LOG_FILE': 'logfile.log', 'LOG_LEVEL': 20, 'NEWSPIDER_MODULE': 'BitcoinNews.spiders', 'ROBOTSTXT_OBEY': True, 'SPIDER_MODULES': ['BitcoinNews.spiders']}
2018-06-11 15:04:12 [scrapy.middleware] INFO: Enabled extensions:
['scrapy.extensions.corestats.CoreStats',
 'scrapy.extensions.telnet.TelnetConsole',
 'scrapy.extensions.logstats.LogStats']
2018-06-11 15:04:12 [scrapy.middleware] INFO: Enabled downloader middlewares:
['scrapy.downloadermiddlewares.robotstxt.RobotsTxtMiddleware',
 'scrapy.downloadermiddlewares.httpauth.HttpAuthMiddleware',
 'scrapy.downloadermiddlewares.downloadtimeout.DownloadTimeoutMiddleware',
 'scrapy.downloadermiddlewares.defaultheaders.DefaultHeadersMiddleware',
 'scrapy.downloadermiddlewares.useragent.UserAgentMiddleware',
 'scrapy.downloadermiddlewares.retry.RetryMiddleware',
 'scrapy.downloadermiddlewares.redirect.MetaRefreshMiddleware',
 'scrapy.downloadermiddlewares.httpcompression.HttpCompressionMiddleware',
 'scrapy.downloadermiddlewares.redirect.RedirectMiddleware',
 'scrapy.downloadermiddlewares.cookies.CookiesMiddleware',
 'scrapy.downloadermiddlewares.httpproxy.HttpProxyMiddleware',
 'scrapy.downloadermiddlewares.stats.DownloaderStats']
2018-06-11 15:04:12 [scrapy.middleware] INFO: Enabled spider middlewares:
['scrapy.spidermiddlewares.httperror.HttpErrorMiddleware',
 'scrapy.spidermiddlewares.offsite.OffsiteMiddleware',
 'scrapy.spidermiddlewares.referer.RefererMiddleware',
 'scrapy.spidermiddlewares.urllength.UrlLengthMiddleware',
 'scrapy.spidermiddlewares.depth.DepthMiddleware']
2018-06-11 15:04:12 [scrapy.middleware] INFO: Enabled item pipelines:
['BitcoinNews.pipelines.BitcoinnewsPipeline',
 'BitcoinNews.pipelines.CSVPipeline']
2018-06-11 15:04:12 [scrapy.core.engine] INFO: Spider opened
2018-06-11 15:04:12 [scrapy.extensions.logstats] INFO: Crawled 0 pages (at 0 pages/min), scraped 0 items (at 0 items/min)
2018-06-11 15:05:12 [scrapy.extensions.logstats] INFO: Crawled 589 pages (at 589 pages/min), scraped 5411 items (at 5411 items/min)
2018-06-11 15:05:22 [scrapy.core.engine] INFO: Closing spider (finished)
2018-06-11 15:05:22 [scrapy.statscollectors] INFO: Dumping Scrapy stats:
{'downloader/request_bytes': 189586,
 'downloader/request_count': 675,
 'downloader/request_method_count/GET': 675,
 'downloader/response_bytes': 11966049,
 'downloader/response_count': 675,
 'downloader/response_status_count/200': 675,
 'finish_reason': 'finished',
 'finish_time': datetime.datetime(2018, 6, 11, 6, 5, 22, 471147),
 'item_scraped_count': 7131,
 'log_count/INFO': 8,
 'response_received_count': 675,
 'scheduler/dequeued': 673,
 'scheduler/dequeued/memory': 673,
 'scheduler/enqueued': 673,
 'scheduler/enqueued/memory': 673,
 'start_time': datetime.datetime(2018, 6, 11, 6, 4, 12, 751328)}
2018-06-11 15:05:22 [scrapy.core.engine] INFO: Spider closed (finished)
